0 info it worked if it ends with ok
1 verbose cli [ '/usr/local/opt/nvm/versions/node/v6.0.0/bin/node',
1 verbose cli   '/usr/local/opt/nvm/versions/node/v6.0.0/bin/npm',
1 verbose cli   'install',
1 verbose cli   '-g',
1 verbose cli   'pubstorm' ]
2 info using npm@3.8.6
3 info using node@v6.0.0
4 silly loadCurrentTree Starting
5 silly install loadCurrentTree
6 silly install readGlobalPackageData
7 silly fetchPackageMetaData pubstorm
8 silly fetchNamedPackageData pubstorm
9 silly mapToRegistry name pubstorm
10 silly mapToRegistry using default registry
11 silly mapToRegistry registry https://registry.npmjs.org/
12 silly mapToRegistry data Result {
12 silly mapToRegistry   raw: 'pubstorm',
12 silly mapToRegistry   scope: null,
12 silly mapToRegistry   name: 'pubstorm',
12 silly mapToRegistry   rawSpec: '',
12 silly mapToRegistry   spec: 'latest',
12 silly mapToRegistry   type: 'tag' }
13 silly mapToRegistry uri https://registry.npmjs.org/pubstorm
14 verbose request uri https://registry.npmjs.org/pubstorm
15 verbose request no auth needed
16 info attempt registry request try #1 at 1:36:58 AM
17 verbose request id a13332adf65c7281
18 verbose etag "DTD6C18TCL19Q25AQGAOC69O3"
19 http request GET https://registry.npmjs.org/pubstorm
20 http 200 https://registry.npmjs.org/pubstorm
21 verbose headers { server: 'CouchDB/1.5.0 (Erlang OTP/R16B03)',
21 verbose headers   etag: '"999V470QTQ453G3GBB0TA4AE9"',
21 verbose headers   'content-type': 'application/json',
21 verbose headers   'content-encoding': 'gzip',
21 verbose headers   'cache-control': 'max-age=300',
21 verbose headers   'content-length': '2622',
21 verbose headers   'accept-ranges': 'bytes',
21 verbose headers   date: 'Sat, 25 Jun 2016 01:36:58 GMT',
21 verbose headers   via: '1.1 varnish',
21 verbose headers   age: '0',
21 verbose headers   connection: 'keep-alive',
21 verbose headers   'x-served-by': 'cache-lax1422-LAX',
21 verbose headers   'x-cache': 'MISS',
21 verbose headers   'x-cache-hits': '0',
21 verbose headers   'x-timer': 'S1466818618.436920,VS0,VE88',
21 verbose headers   vary: 'Accept-Encoding' }
22 silly get cb [ 200,
22 silly get   { server: 'CouchDB/1.5.0 (Erlang OTP/R16B03)',
22 silly get     etag: '"999V470QTQ453G3GBB0TA4AE9"',
22 silly get     'content-type': 'application/json',
22 silly get     'content-encoding': 'gzip',
22 silly get     'cache-control': 'max-age=300',
22 silly get     'content-length': '2622',
22 silly get     'accept-ranges': 'bytes',
22 silly get     date: 'Sat, 25 Jun 2016 01:36:58 GMT',
22 silly get     via: '1.1 varnish',
22 silly get     age: '0',
22 silly get     connection: 'keep-alive',
22 silly get     'x-served-by': 'cache-lax1422-LAX',
22 silly get     'x-cache': 'MISS',
22 silly get     'x-cache-hits': '0',
22 silly get     'x-timer': 'S1466818618.436920,VS0,VE88',
22 silly get     vary: 'Accept-Encoding' } ]
23 verbose get saving pubstorm to /home/nitrous/.npm/registry.npmjs.org/pubstorm/.cache.json
24 verbose correctMkdir /home/nitrous/.npm correctMkdir not in flight; initializing
25 silly install normalizeTree
26 silly loadCurrentTree Finishing
27 silly loadIdealTree Starting
28 silly install loadIdealTree
29 silly cloneCurrentTree Starting
30 silly install cloneCurrentTreeToIdealTree
31 silly cloneCurrentTree Finishing
32 silly loadShrinkwrap Starting
33 silly install loadShrinkwrap
34 silly loadShrinkwrap Finishing
35 silly loadAllDepsIntoIdealTree Starting
36 silly install loadAllDepsIntoIdealTree
37 silly resolveWithNewModule pubstorm@0.1.4 checking installable status
38 silly cache add args [ 'pubstorm', null ]
39 verbose cache add spec pubstorm
40 silly cache add parsed spec Result {
40 silly cache add   raw: 'pubstorm',
40 silly cache add   scope: null,
40 silly cache add   name: 'pubstorm',
40 silly cache add   rawSpec: '',
40 silly cache add   spec: 'latest',
40 silly cache add   type: 'tag' }
41 silly addNamed pubstorm@latest
42 verbose addNamed "latest" is being treated as a dist-tag for pubstorm
43 info addNameTag [ 'pubstorm', 'latest' ]
44 silly mapToRegistry name pubstorm
45 silly mapToRegistry using default registry
46 silly mapToRegistry registry https://registry.npmjs.org/
47 silly mapToRegistry data Result {
47 silly mapToRegistry   raw: 'pubstorm',
47 silly mapToRegistry   scope: null,
47 silly mapToRegistry   name: 'pubstorm',
47 silly mapToRegistry   rawSpec: '',
47 silly mapToRegistry   spec: 'latest',
47 silly mapToRegistry   type: 'tag' }
48 silly mapToRegistry uri https://registry.npmjs.org/pubstorm
49 verbose addNameTag registry:https://registry.npmjs.org/pubstorm not in flight; fetching
50 verbose get https://registry.npmjs.org/pubstorm not expired, no request
51 silly addNameTag next cb for pubstorm with tag latest
52 silly addNamed pubstorm@0.1.4
53 verbose addNamed "0.1.4" is a plain semver version for pubstorm
54 silly mapToRegistry name pubstorm
55 silly mapToRegistry using default registry
56 silly mapToRegistry registry https://registry.npmjs.org/
57 silly mapToRegistry data Result {
57 silly mapToRegistry   raw: 'pubstorm',
57 silly mapToRegistry   scope: null,
57 silly mapToRegistry   name: 'pubstorm',
57 silly mapToRegistry   rawSpec: '',
57 silly mapToRegistry   spec: 'latest',
57 silly mapToRegistry   type: 'tag' }
58 silly mapToRegistry uri https://registry.npmjs.org/pubstorm
59 verbose addRemoteTarball https://registry.npmjs.org/pubstorm/-/pubstorm-0.1.4.tgz not in flight; adding
60 verbose addRemoteTarball [ 'https://registry.npmjs.org/pubstorm/-/pubstorm-0.1.4.tgz',
60 verbose addRemoteTarball   '9a23dff0731a97deb13b143ddc9786fcbe43b1cf' ]
61 info retry fetch attempt 1 at 1:36:58 AM
62 info attempt registry request try #1 at 1:36:58 AM
63 http fetch GET https://registry.npmjs.org/pubstorm/-/pubstorm-0.1.4.tgz
64 http fetch 200 https://registry.npmjs.org/pubstorm/-/pubstorm-0.1.4.tgz
65 silly fetchAndShaCheck shasum 9a23dff0731a97deb13b143ddc9786fcbe43b1cf
66 verbose addTmpTarball /tmp/npm-3402-9bed9f8f/registry.npmjs.org/pubstorm/-/pubstorm-0.1.4.tgz not in flight; adding
67 verbose addTmpTarball already have metadata; skipping unpack for pubstorm@0.1.4
68 verbose correctMkdir /home/nitrous/.npm correctMkdir not in flight; initializing
69 silly cache afterAdd pubstorm@0.1.4
70 verbose afterAdd /home/nitrous/.npm/pubstorm/0.1.4/package/package.json not in flight; writing
71 verbose correctMkdir /home/nitrous/.npm correctMkdir not in flight; initializing
72 verbose afterAdd /home/nitrous/.npm/pubstorm/0.1.4/package/package.json written
73 silly loadAllDepsIntoIdealTree Finishing
74 silly idealTree:prePrune lib
74 silly idealTree:prePrune `-- pubstorm@0.1.4
75 silly loadIdealTree Finishing
76 silly currentTree lib
76 silly currentTree `-- pubstorm@0.1.3
77 silly idealTree lib
77 silly idealTree `-- pubstorm@0.1.4
78 silly generateActionsToTake Starting
79 silly install generateActionsToTake
80 silly generateActionsToTake Finishing
81 silly diffTrees action count 1
82 silly diffTrees update pubstorm@0.1.4
83 silly decomposeActions action count 8
84 silly decomposeActions fetch pubstorm@0.1.4
85 silly decomposeActions extract pubstorm@0.1.4
86 silly decomposeActions test pubstorm@0.1.4
87 silly decomposeActions preinstall pubstorm@0.1.4
88 silly decomposeActions build pubstorm@0.1.4
89 silly decomposeActions install pubstorm@0.1.4
90 silly decomposeActions postinstall pubstorm@0.1.4
91 silly decomposeActions finalize pubstorm@0.1.4
92 silly executeActions Starting
93 silly install executeActions
94 silly doSerial global-install 0
95 silly doParallel fetch 1
96 verbose correctMkdir /home/nitrous/.npm/_locks correctMkdir not in flight; initializing
97 verbose lock using /home/nitrous/.npm/_locks/staging-d63daea42fab2090.lock for /usr/local/opt/nvm/versions/node/v6.0.0/lib/node_modules/.staging
98 silly doParallel extract 1
99 silly extract pubstorm@0.1.4
100 verbose unbuild lib/node_modules/.staging/pubstorm-2c07883f
101 silly gentlyRm /usr/local/opt/nvm/versions/node/v6.0.0/lib/node_modules/.staging/pubstorm-2c07883f is being purged from base /usr/local/opt/nvm/versions/node/v6.0.0
102 verbose gentlyRm don't care about contents; nuking /usr/local/opt/nvm/versions/node/v6.0.0/lib/node_modules/.staging/pubstorm-2c07883f
103 verbose tar unpack /home/nitrous/.npm/pubstorm/0.1.4/package.tgz
104 verbose tar unpacking to /usr/local/opt/nvm/versions/node/v6.0.0/lib/node_modules/.staging/pubstorm-2c07883f
105 silly gentlyRm /usr/local/opt/nvm/versions/node/v6.0.0/lib/node_modules/.staging/pubstorm-2c07883f is being purged
106 verbose gentlyRm don't care about contents; nuking /usr/local/opt/nvm/versions/node/v6.0.0/lib/node_modules/.staging/pubstorm-2c07883f
107 silly gunzTarPerm modes [ '755', '644' ]
108 silly gunzTarPerm extractEntry package.json
109 silly gunzTarPerm modified mode [ 'package.json', 436, 420 ]
110 silly gunzTarPerm extractEntry .npmignore
111 silly gunzTarPerm modified mode [ '.npmignore', 436, 420 ]
112 silly gunzTarPerm extractEntry README.md
113 silly gunzTarPerm modified mode [ 'README.md', 436, 420 ]
114 silly gunzTarPerm extractEntry LICENSE
115 silly gunzTarPerm modified mode [ 'LICENSE', 436, 420 ]
116 silly gunzTarPerm extractEntry bin/storm.js
117 silly gunzTarPerm modified mode [ 'bin/storm.js', 509, 493 ]
118 silly gunzTarPerm extractEntry dist/darwin-386/storm
119 silly gunzTarPerm modified mode [ 'dist/darwin-386/storm', 509, 493 ]
120 silly gunzTarPerm extractEntry dist/darwin-amd64/storm
121 silly gunzTarPerm modified mode [ 'dist/darwin-amd64/storm', 509, 493 ]
122 silly gunzTarPerm extractEntry dist/freebsd-386/storm
123 silly gunzTarPerm modified mode [ 'dist/freebsd-386/storm', 509, 493 ]
124 silly gunzTarPerm extractEntry dist/freebsd-amd64/storm
125 silly gunzTarPerm modified mode [ 'dist/freebsd-amd64/storm', 509, 493 ]
126 silly gunzTarPerm extractEntry dist/freebsd-arm/storm
127 silly gunzTarPerm modified mode [ 'dist/freebsd-arm/storm', 509, 493 ]
128 silly gunzTarPerm extractEntry dist/linux-386/storm
129 silly gunzTarPerm modified mode [ 'dist/linux-386/storm', 509, 493 ]
130 silly gunzTarPerm extractEntry dist/linux-amd64/storm
131 silly gunzTarPerm modified mode [ 'dist/linux-amd64/storm', 509, 493 ]
132 silly gunzTarPerm extractEntry dist/linux-arm/storm
133 silly gunzTarPerm modified mode [ 'dist/linux-arm/storm', 509, 493 ]
134 silly gunzTarPerm extractEntry dist/windows-386/storm.exe
135 silly gunzTarPerm modified mode [ 'dist/windows-386/storm.exe', 509, 493 ]
136 silly gunzTarPerm extractEntry dist/windows-amd64/storm.exe
137 silly gunzTarPerm modified mode [ 'dist/windows-amd64/storm.exe', 509, 493 ]
138 silly gentlyRm /usr/local/opt/nvm/versions/node/v6.0.0/lib/node_modules/.staging/pubstorm-2c07883f/node_modules is being purged
139 verbose gentlyRm don't care about contents; nuking /usr/local/opt/nvm/versions/node/v6.0.0/lib/node_modules/.staging/pubstorm-2c07883f/node_modules
140 silly doParallel preinstall 1
141 silly preinstall pubstorm@0.1.4 /usr/local/opt/nvm/versions/node/v6.0.0/lib/node_modules/.staging/pubstorm-2c07883f
142 info lifecycle pubstorm@0.1.4~preinstall: pubstorm@0.1.4
143 silly lifecycle pubstorm@0.1.4~preinstall: no script for preinstall, continuing
144 silly doReverseSerial remove 0
145 silly doSerial move 0
146 silly doSerial finalize 1
147 silly finalize /usr/local/opt/nvm/versions/node/v6.0.0/lib/node_modules/pubstorm
148 verbose unlock done using /home/nitrous/.npm/_locks/staging-d63daea42fab2090.lock for /usr/local/opt/nvm/versions/node/v6.0.0/lib/node_modules/.staging
149 silly rollbackFailedOptional Starting
150 silly rollbackFailedOptional Finishing
151 silly runTopLevelLifecycles Starting
152 silly runTopLevelLifecycles Finishing
153 silly install printInstalled
154 verbose stack Error: EXDEV: cross-device link not permitted, rename '/usr/local/opt/nvm/versions/node/v6.0.0/lib/node_modules/pubstorm' -> '/usr/local/opt/nvm/versions/node/v6.0.0/lib/node_modules/.pubstorm.DELETE'
154 verbose stack     at moveAway (/usr/local/opt/nvm/versions/node/v6.0.0/lib/node_modules/npm/lib/install/action/finalize.js:38:5)
154 verbose stack     at destStatted (/usr/local/opt/nvm/versions/node/v6.0.0/lib/node_modules/npm/lib/install/action/finalize.js:27:7)
154 verbose stack     at FSReqWrap.oncomplete (fs.js:117:15)
154 verbose stack
154 verbose stack Error: EXDEV: cross-device link not permitted, rename '/usr/local/opt/nvm/versions/node/v6.0.0/lib/node_modules/pubstorm' -> '/usr/local/opt/nvm/versions/node/v6.0.0/lib/node_modules/.pubstorm.DELETE'
154 verbose stack     at Error (native)
155 verbose cwd /home/nitrous/code/master-theme
156 error Linux 4.2.0-35-generic
157 error argv "/usr/local/opt/nvm/versions/node/v6.0.0/bin/node" "/usr/local/opt/nvm/versions/node/v6.0.0/bin/npm" "install" "-g" "pubstorm"
158 error node v6.0.0
159 error npm  v3.8.6
160 error path /usr/local/opt/nvm/versions/node/v6.0.0/lib/node_modules/pubstorm
161 error code EXDEV
162 error errno -18
163 error syscall rename
164 error EXDEV: cross-device link not permitted, rename '/usr/local/opt/nvm/versions/node/v6.0.0/lib/node_modules/pubstorm' -> '/usr/local/opt/nvm/versions/node/v6.0.0/lib/node_modules/.pubstorm.DELETE'
165 error If you need help, you may report this error at:
165 error     <https://github.com/npm/npm/issues>
166 verbose exit [ -18, true ]
